# JRE version: Java(TM) SE Runtime Environment (8.0_152-b16) (build 1.8.0_152-b16)
# Java VM: Java HotSpot(TM) 64-Bit Server VM (25.152-b16 mixed mode windows-amd64 compressed oops)
Heap:
 PSYoungGen      total 442368K, used 78345K [0x00000000e0000000, 0x00000000fbf00000, 0x0000000100000000)
  eden space 428544K, 18% used [0x00000000e0000000,0x00000000e4c82598,0x00000000fa280000)
  from space 13824K, 0% used [0x00000000fa400000,0x00000000fa400000,0x00000000fb180000)
  to   space 6144K, 0% used [0x00000000fb900000,0x00000000fb900000,0x00000000fbf00000)
 ParOldGen       total 168960K, used 37236K [0x00000000a0000000, 0x00000000aa500000, 0x00000000e0000000)
  object space 168960K, 22% used [0x00000000a0000000,0x00000000a245d040,0x00000000aa500000)
 Metaspace       used 59038K, capacity 62886K, committed 62936K, reserved 1103872K
  class space    used 8218K, capacity 8932K, committed 8960K, reserved 1048576K
GC Heap History (10 events):
Event: 17.103 GC heap before
{Heap before GC invocations=20 (full 2):
 PSYoungGen      total 380928K, used 367793K [0x00000000e0000000, 0x00000000fc780000, 0x0000000100000000)
  eden space 364544K, 100% used [0x00000000e0000000,0x00000000f6400000,0x00000000f6400000)
  from space 16384K, 19% used [0x00000000f6400000,0x00000000f672c6a8,0x00000000f7400000)
  to   space 14848K, 0% used [0x00000000fb900000,0x00000000fb900000,0x00000000fc780000)
 ParOldGen       total 123904K, used 32392K [0x00000000a0000000, 0x00000000a7900000, 0x00000000e0000000)
  object space 123904K, 26% used [0x00000000a0000000,0x00000000a1fa2248,0x00000000a7900000)
 Metaspace       used 37275K, capacity 38778K, committed 39000K, reserved 1083392K
  class space    used 5130K, capacity 5435K, committed 5504K, reserved 1048576K
Event: 17.108 GC heap after
Heap after GC invocations=20 (full 2):
 PSYoungGen      total 434688K, used 5970K [0x00000000e0000000, 0x00000000fbf00000, 0x0000000100000000)
  eden space 428544K, 0% used [0x00000000e0000000,0x00000000e0000000,0x00000000fa280000)
  from space 6144K, 97% used [0x00000000fb900000,0x00000000fbed4970,0x00000000fbf00000)
  to   space 13824K, 0% used [0x00000000fa400000,0x00000000fa400000,0x00000000fb180000)
 ParOldGen       total 123904K, used 33360K [0x00000000a0000000, 0x00000000a7900000, 0x00000000e0000000)
  object space 123904K, 26% used [0x00000000a0000000,0x00000000a2094268,0x00000000a7900000)
 Metaspace       used 37275K, capacity 38778K, committed 39000K, reserved 1083392K
  class space    used 5130K, capacity 5435K, committed 5504K, reserved 1048576K
}
Event: 20.552 GC heap before
{Heap before GC invocations=21 (full 2):
 PSYoungGen      total 434688K, used 434514K [0x00000000e0000000, 0x00000000fbf00000, 0x0000000100000000)
  eden space 428544K, 100% used [0x00000000e0000000,0x00000000fa280000,0x00000000fa280000)
  from space 6144K, 97% used [0x00000000fb900000,0x00000000fbed4970,0x00000000fbf00000)
  to   space 13824K, 0% used [0x00000000fa400000,0x00000000fa400000,0x00000000fb180000)
 ParOldGen       total 123904K, used 33360K [0x00000000a0000000, 0x00000000a7900000, 0x00000000e0000000)
  object space 123904K, 26% used [0x00000000a0000000,0x00000000a2094268,0x00000000a7900000)
 Metaspace       used 41161K, capacity 43048K, committed 43096K, reserved 1087488K
  class space    used 5549K, capacity 5970K, committed 6016K, reserved 1048576K
Event: 20.558 GC heap after
Heap after GC invocations=21 (full 2):
 PSYoungGen      total 442368K, used 7100K [0x00000000e0000000, 0x00000000fbf00000, 0x0000000100000000)
  eden space 428544K, 0% used [0x00000000e0000000,0x00000000e0000000,0x00000000fa280000)
  from space 13824K, 51% used [0x00000000fa400000,0x00000000faaef0b8,0x00000000fb180000)
  to   space 6144K, 0% used [0x00000000fb900000,0x00000000fb900000,0x00000000fbf00000)
 ParOldGen       total 123904K, used 33360K [0x00000000a0000000, 0x00000000a7900000, 0x00000000e0000000)
  object space 123904K, 26% used [0x00000000a0000000,0x00000000a2094268,0x00000000a7900000)
 Metaspace       used 41161K, capacity 43048K, committed 43096K, reserved 1087488K
  class space    used 5549K, capacity 5970K, committed 6016K, reserved 1048576K
}
Event: 35.580 GC heap before
{Heap before GC invocations=22 (full 2):
 PSYoungGen      total 442368K, used 290760K [0x00000000e0000000, 0x00000000fbf00000, 0x0000000100000000)
  eden space 428544K, 66% used [0x00000000e0000000,0x00000000f1502fd0,0x00000000fa280000)
  from space 13824K, 51% used [0x00000000fa400000,0x00000000faaef0b8,0x00000000fb180000)
  to   space 6144K, 0% used [0x00000000fb900000,0x00000000fb900000,0x00000000fbf00000)
 ParOldGen       total 123904K, used 33360K [0x00000000a0000000, 0x00000000a7900000, 0x00000000e0000000)
  object space 123904K, 26% used [0x00000000a0000000,0x00000000a2094268,0x00000000a7900000)
 Metaspace       used 55629K, capacity 58908K, committed 59224K, reserved 1099776K
  class space    used 7620K, capacity 8223K, committed 8320K, reserved 1048576K
Event: 35.593 GC heap after
Heap after GC invocations=22 (full 2):
 PSYoungGen      total 434688K, used 6112K [0x00000000e0000000, 0x00000000fbf00000, 0x0000000100000000)
  eden space 428544K, 0% used [0x00000000e0000000,0x00000000e0000000,0x00000000fa280000)
  from space 6144K, 99% used [0x00000000fb900000,0x00000000fbef8030,0x00000000fbf00000)
  to   space 13824K, 0% used [0x00000000fa400000,0x00000000fa400000,0x00000000fb180000)
 ParOldGen       total 123904K, used 51017K [0x00000000a0000000, 0x00000000a7900000, 0x00000000e0000000)
  object space 123904K, 41% used [0x00000000a0000000,0x00000000a31d2798,0x00000000a7900000)
 Metaspace       used 55629K, capacity 58908K, committed 59224K, reserved 1099776K
  class space    used 7620K, capacity 8223K, committed 8320K, reserved 1048576K
}
Event: 35.634 GC heap before
{Heap before GC invocations=23 (full 2):
 PSYoungGen      total 434688K, used 15061K [0x00000000e0000000, 0x00000000fbf00000, 0x0000000100000000)
  eden space 428544K, 2% used [0x00000000e0000000,0x00000000e08bd7c8,0x00000000fa280000)
  from space 6144K, 99% used [0x00000000fb900000,0x00000000fbef8030,0x00000000fbf00000)
  to   space 13824K, 0% used [0x00000000fa400000,0x00000000fa400000,0x00000000fb180000)
 ParOldGen       total 123904K, used 51017K [0x00000000a0000000, 0x00000000a7900000, 0x00000000e0000000)
  object space 123904K, 41% used [0x00000000a0000000,0x00000000a31d2798,0x00000000a7900000)
 Metaspace       used 55987K, capacity 59202K, committed 59352K, reserved 1099776K
  class space    used 7682K, capacity 8321K, committed 8448K, reserved 1048576K
Event: 35.640 GC heap after
Heap after GC invocations=23 (full 2):
 PSYoungGen      total 442368K, used 4784K [0x00000000e0000000, 0x00000000fbf00000, 0x0000000100000000)
  eden space 428544K, 0% used [0x00000000e0000000,0x00000000e0000000,0x00000000fa280000)
  from space 13824K, 34% used [0x00000000fa400000,0x00000000fa8ac030,0x00000000fb180000)
  to   space 6144K, 0% used [0x00000000fb900000,0x00000000fb900000,0x00000000fbf00000)
 ParOldGen       total 123904K, used 52872K [0x00000000a0000000, 0x00000000a7900000, 0x00000000e0000000)
  object space 123904K, 42% used [0x00000000a0000000,0x00000000a33a2028,0x00000000a7900000)
 Metaspace       used 55987K, capacity 59202K, committed 59352K, reserved 1099776K
  class space    used 7682K, capacity 8321K, committed 8448K, reserved 1048576K
}
Event: 35.640 GC heap before
{Heap before GC invocations=24 (full 3):
 PSYoungGen      total 442368K, used 4784K [0x00000000e0000000, 0x00000000fbf00000, 0x0000000100000000)
  eden space 428544K, 0% used [0x00000000e0000000,0x00000000e0000000,0x00000000fa280000)
  from space 13824K, 34% used [0x00000000fa400000,0x00000000fa8ac030,0x00000000fb180000)
  to   space 6144K, 0% used [0x00000000fb900000,0x00000000fb900000,0x00000000fbf00000)
 ParOldGen       total 123904K, used 52872K [0x00000000a0000000, 0x00000000a7900000, 0x00000000e0000000)
  object space 123904K, 42% used [0x00000000a0000000,0x00000000a33a2028,0x00000000a7900000)
 Metaspace       used 55987K, capacity 59202K, committed 59352K, reserved 1099776K
  class space    used 7682K, capacity 8321K, committed 8448K, reserved 1048576K
Event: 35.797 GC heap after
Heap after GC invocations=24 (full 3):
 PSYoungGen      total 442368K, used 0K [0x00000000e0000000, 0x00000000fbf00000, 0x0000000100000000)
  eden space 428544K, 0% used [0x00000000e0000000,0x00000000e0000000,0x00000000fa280000)
  from space 13824K, 0% used [0x00000000fa400000,0x00000000fa400000,0x00000000fb180000)
  to   space 6144K, 0% used [0x00000000fb900000,0x00000000fb900000,0x00000000fbf00000)
 ParOldGen       total 168960K, used 37236K [0x00000000a0000000, 0x00000000aa500000, 0x00000000e0000000)
  object space 168960K, 22% used [0x00000000a0000000,0x00000000a245d040,0x00000000aa500000)
 Metaspace       used 55873K, capacity 58928K, committed 59352K, reserved 1099776K
  class space    used 7650K, capacity 8283K, committed 8448K, reserved 1048576K
}

